<?xml version="1.0" encoding="UTF-8"?>
<!-- Generated by org.testng.reporters.JUnitXMLReporter -->
<testsuite hostname="Vikash-PC" ignored="0" name="CHTest1-SignInTest" tests="6" failures="1" timestamp="26 Mar 2020 21:17:39 GMT" time="179.907" errors="0">
  <testcase name="validateSignInPage_PageHeading_SIP" time="2.228" classname="com.a32hp.automationpracticee.framework.test.createaccountandlogin.SignInTest"/>
  <testcase name="validateSignInPage_SignInSectionHeading_SIP" time="1.802" classname="com.a32hp.automationpracticee.framework.test.createaccountandlogin.SignInTest">
    <failure type="java.lang.AssertionError" message="expected [ALREADY REGISTEREDD?] but found [ALREADY REGISTERED?]">
      <![CDATA[java.lang.AssertionError: expected [ALREADY REGISTEREDD?] but found [ALREADY REGISTERED?]
at com.a32hp.automationpracticee.framework.test.createaccountandlogin.SignInTest.validateSignInPage_SignInSectionHeading_SIP(SignInTest.java:173)
at java.util.concurrent.FutureTask.run(FutureTask.java:266)
at java.util.concurrent.ThreadPoolExecutor.runWorker(ThreadPoolExecutor.java:1142)
at java.util.concurrent.ThreadPoolExecutor$Worker.run(ThreadPoolExecutor.java:617)
at java.lang.Thread.run(Thread.java:748)
... Removed 22 stack frames]]>
    </failure>
  </testcase> <!-- validateSignInPage_SignInSectionHeading_SIP -->
  <testcase name="validateSignInPageBreadcrumbText_SIP" time="2.1" classname="com.a32hp.automationpracticee.framework.test.createaccountandlogin.SignInTest"/>
  <testcase name="validateRegistrationSectionHeading_SignInPage_SIP" time="2.128" classname="com.a32hp.automationpracticee.framework.test.createaccountandlogin.SignInTest"/>
  <testcase name="validateLoginProcess_SIP" time="6.478" classname="com.a32hp.automationpracticee.framework.test.createaccountandlogin.SignInTest"/>
  <testcase name="validateForgotPasswordLink_SIP" time="3.36" classname="com.a32hp.automationpracticee.framework.test.createaccountandlogin.SignInTest"/>
</testsuite> <!-- CHTest1-SignInTest -->
