<?xml version="1.0" encoding="UTF-8"?>
<!-- Generated by org.testng.reporters.JUnitXMLReporter -->
<testsuite hostname="Vikash-PC" ignored="1" name="FFTest1-SignInTest" tests="5" failures="1" timestamp="29 Mar 2020 10:08:01 GMT" time="853.911" errors="0">
  <testcase name="validateSignInPage_PageHeading_SIP" time="1.897" classname="com.a32hp.automationpracticee.framework.test.createaccountandlogin.SignInTest"/>
  <testcase name="validateSignInPage_SignInSectionHeading_SIP" time="1.197" classname="com.a32hp.automationpracticee.framework.test.createaccountandlogin.SignInTest">
    <failure type="java.lang.AssertionError" message="expected [ALREADY REGISTEREDD?] but found [ALREADY REGISTERED?]">
      <![CDATA[java.lang.AssertionError: expected [ALREADY REGISTEREDD?] but found [ALREADY REGISTERED?]
at com.a32hp.automationpracticee.framework.test.createaccountandlogin.SignInTest.validateSignInPage_SignInSectionHeading_SIP(SignInTest.java:173)
at java.util.concurrent.FutureTask.run(FutureTask.java:266)
at java.util.concurrent.ThreadPoolExecutor.runWorker(ThreadPoolExecutor.java:1142)
at java.util.concurrent.ThreadPoolExecutor$Worker.run(ThreadPoolExecutor.java:617)
at java.lang.Thread.run(Thread.java:748)
... Removed 22 stack frames]]>
    </failure>
  </testcase> <!-- validateSignInPage_SignInSectionHeading_SIP -->
  <testcase name="validateSignInPageBreadcrumbText_SIP" time="1.34" classname="com.a32hp.automationpracticee.framework.test.createaccountandlogin.SignInTest"/>
  <testcase name="validateRegistrationSectionHeading_SignInPage_SIP" time="1.437" classname="com.a32hp.automationpracticee.framework.test.createaccountandlogin.SignInTest"/>
  <testcase name="validateLoginProcess_SIP" time="7.376" classname="com.a32hp.automationpracticee.framework.test.createaccountandlogin.SignInTest"/>
  <testcase name="validateForgotPasswordLink_SIP" time="0.0" classname="com.a32hp.automationpracticee.framework.test.createaccountandlogin.SignInTest">
    <ignored/>
  </testcase> <!-- validateForgotPasswordLink_SIP -->
</testsuite> <!-- FFTest1-SignInTest -->
