<?xml version="1.0" encoding="UTF-8"?>
<testsuite xmlns:xsi="http://www.w3.org/2001/XMLSchema-instance" xsi:noNamespaceSchemaLocation="https://maven.apache.org/surefire/maven-surefire-plugin/xsd/surefire-test-report.xsd" name="TestSuite" time="1,162.471" tests="2" errors="0" skipped="0" failures="1">
  <properties>
[...]
</properties>
  <testcase name="validateSignInPage_PageHeading_SIP" classname="com.a32hp.automationpracticee.framework.test.createaccountandlogin.SignInTest" time="8.873"/>
  <testcase name="getBrowser" classname="com.a32hp.automationpracticee.framework.test.createaccountandlogin.SignInTest" time="221.328">
    <failure message="timeout&#10;  (Session info: chrome=81.0.4044.122)&#10;  (Driver info: chromedriver=2.38.552522 (437e6fbedfa8762dec75e2c5b3ddb86763dc9dcb),platform=Windows NT 6.1.7601 SP1 x86_64) (WARNING: The server did not provide any stacktrace information)&#10;Command duration or timeout: 0 milliseconds&#10;Build info: version: &apos;3.9.1&apos;, revision: &apos;63f7b50&apos;, time: &apos;2018-02-07T22:25:02.294Z&apos;&#10;System info: host: &apos;Vikash-PC&apos;, ip: &apos;192.168.43.172&apos;, os.name: &apos;Windows 7&apos;, os.arch: &apos;amd64&apos;, os.version: &apos;6.1&apos;, java.version: &apos;1.8.0_131&apos;&#10;Driver info: org.openqa.selenium.chrome.ChromeDriver&#10;Capabilities {acceptInsecureCerts: true, acceptSslCerts: true, applicationCacheEnabled: false, browserConnectionEnabled: false, browserName: chrome, chrome: {chromedriverVersion: 2.38.552522 (437e6fbedfa876..., userDataDir: C:\Users\Vikash\AppData\Loc...}, cssSelectorsEnabled: true, databaseEnabled: false, handlesAlerts: true, hasTouchScreen: false, javascriptEnabled: true, locationContextEnabled: true, mobileEmulationEnabled: false, nativeEvents: true, networkConnectionEnabled: false, pageLoadStrategy: normal, platform: XP, platformName: XP, rotatable: false, setWindowRect: true, takesHeapSnapshot: true, takesScreenshot: true, unexpectedAlertBehaviour: accept, unhandledPromptBehavior: accept, version: 81.0.4044.122, webStorageEnabled: true}&#10;Session ID: 9acd7c90683d54cd76e7e54a3e12e745" type="org.openqa.selenium.TimeoutException">org.openqa.selenium.TimeoutException: 
timeout
  (Session info: chrome=81.0.4044.122)
  (Driver info: chromedriver=2.38.552522 (437e6fbedfa8762dec75e2c5b3ddb86763dc9dcb),platform=Windows NT 6.1.7601 SP1 x86_64) (WARNING: The server did not provide any stacktrace information)
Command duration or timeout: 0 milliseconds
Build info: version: '3.9.1', revision: '63f7b50', time: '2018-02-07T22:25:02.294Z'
System info: host: 'Vikash-PC', ip: '192.168.43.172', os.name: 'Windows 7', os.arch: 'amd64', os.version: '6.1', java.version: '1.8.0_131'
Driver info: org.openqa.selenium.chrome.ChromeDriver
Capabilities {acceptInsecureCerts: true, acceptSslCerts: true, applicationCacheEnabled: false, browserConnectionEnabled: false, browserName: chrome, chrome: {chromedriverVersion: 2.38.552522 (437e6fbedfa876..., userDataDir: C:\Users\Vikash\AppData\Loc...}, cssSelectorsEnabled: true, databaseEnabled: false, handlesAlerts: true, hasTouchScreen: false, javascriptEnabled: true, locationContextEnabled: true, mobileEmulationEnabled: false, nativeEvents: true, networkConnectionEnabled: false, pageLoadStrategy: normal, platform: XP, platformName: XP, rotatable: false, setWindowRect: true, takesHeapSnapshot: true, takesScreenshot: true, unexpectedAlertBehaviour: accept, unhandledPromptBehavior: accept, version: 81.0.4044.122, webStorageEnabled: true}
Session ID: 9acd7c90683d54cd76e7e54a3e12e745
	at com.a32hp.automationpracticee.framework.test.createaccountandlogin.SignInTest.getBrowser(SignInTest.java:64)
</failure>
    <system-out><![CDATA[Chrome Browser Closed


					********************************************************************************************************


Launch http://automationpractice.com/index.php on Chrome on WINDOWS
 in gm_LaunchBrowser
Chrome Browser has been launched
Now going to launch URL [http://automationpractice.com/index.php]
]]></system-out>
    <system-err><![CDATA[Starting ChromeDriver 2.38.552522 (437e6fbedfa8762dec75e2c5b3ddb86763dc9dcb) on port 31639
Only local connections are allowed.
Apr 25, 2020 8:24:00 PM org.openqa.selenium.remote.ProtocolHandshake createSession
INFO: Detected dialect: OSS
[1587826643.360][SEVERE]: Timed out receiving message from renderer: 195.766
[1587826643.433][SEVERE]: Timed out receiving message from renderer: -0.073
]]></system-err>
  </testcase>
</testsuite>