<?xml version="1.0" encoding="UTF-8"?>
<testng-results skipped="0" failed="1" ignored="1" total="6" passed="4">
  <reporter-output>
    <line>
      <![CDATA[***********beforeNavigateTo**********]]>
    </line>
    <line>
      <![CDATA[************afterNavigateTo*********]]>
    </line>
    <line>
      <![CDATA[***********beforeNavigateTo**********]]>
    </line>
    <line>
      <![CDATA[************afterNavigateTo*********]]>
    </line>
    <line>
      <![CDATA[ITestResult Test Started]]>
    </line>
    <line>
      <![CDATA[***********beforeFindBy**********]]>
    </line>
    <line>
      <![CDATA[***********afterFindBy**********]]>
    </line>
    <line>
      <![CDATA[***********beforeFindBy**********]]>
    </line>
    <line>
      <![CDATA[***********afterFindBy**********]]>
    </line>
    <line>
      <![CDATA[***********beforeFindBy**********]]>
    </line>
    <line>
      <![CDATA[***********afterFindBy**********]]>
    </line>
    <line>
      <![CDATA[***********beforeFindBy**********]]>
    </line>
    <line>
      <![CDATA[***********afterFindBy**********]]>
    </line>
    <line>
      <![CDATA[***********beforeFindBy**********]]>
    </line>
    <line>
      <![CDATA[***********afterFindBy**********]]>
    </line>
    <line>
      <![CDATA[***********beforeFindBy**********]]>
    </line>
    <line>
      <![CDATA[***********afterFindBy**********]]>
    </line>
    <line>
      <![CDATA[************beforeGetScreenshotAs*********]]>
    </line>
    <line>
      <![CDATA[*********afterGetScreenshotAs************]]>
    </line>
    <line>
      <![CDATA[************beforeGetScreenshotAs*********]]>
    </line>
    <line>
      <![CDATA[*********afterGetScreenshotAs************]]>
    </line>
    <line>
      <![CDATA[************beforeGetScreenshotAs*********]]>
    </line>
    <line>
      <![CDATA[*********afterGetScreenshotAs************]]>
    </line>
    <line>
      <![CDATA[************beforeGetScreenshotAs*********]]>
    </line>
    <line>
      <![CDATA[*********afterGetScreenshotAs************]]>
    </line>
    <line>
      <![CDATA[***********beforeNavigateTo**********]]>
    </line>
    <line>
      <![CDATA[************afterNavigateTo*********]]>
    </line>
    <line>
      <![CDATA[***********beforeNavigateTo**********]]>
    </line>
    <line>
      <![CDATA[************afterNavigateTo*********]]>
    </line>
    <line>
      <![CDATA[ITestResult Test Started]]>
    </line>
    <line>
      <![CDATA[***********beforeFindBy**********]]>
    </line>
    <line>
      <![CDATA[***********afterFindBy**********]]>
    </line>
    <line>
      <![CDATA[***********beforeFindBy**********]]>
    </line>
    <line>
      <![CDATA[***********afterFindBy**********]]>
    </line>
    <line>
      <![CDATA[***********beforeFindBy**********]]>
    </line>
    <line>
      <![CDATA[***********afterFindBy**********]]>
    </line>
    <line>
      <![CDATA[***********beforeFindBy**********]]>
    </line>
    <line>
      <![CDATA[***********afterFindBy**********]]>
    </line>
    <line>
      <![CDATA[***********beforeFindBy**********]]>
    </line>
    <line>
      <![CDATA[***********afterFindBy**********]]>
    </line>
    <line>
      <![CDATA[***********beforeFindBy**********]]>
    </line>
    <line>
      <![CDATA[***********afterFindBy**********]]>
    </line>
    <line>
      <![CDATA[************beforeGetScreenshotAs*********]]>
    </line>
    <line>
      <![CDATA[*********afterGetScreenshotAs************]]>
    </line>
    <line>
      <![CDATA[************beforeGetScreenshotAs*********]]>
    </line>
    <line>
      <![CDATA[*********afterGetScreenshotAs************]]>
    </line>
    <line>
      <![CDATA[************beforeGetScreenshotAs*********]]>
    </line>
    <line>
      <![CDATA[*********afterGetScreenshotAs************]]>
    </line>
    <line>
      <![CDATA[************beforeGetScreenshotAs*********]]>
    </line>
    <line>
      <![CDATA[*********afterGetScreenshotAs************]]>
    </line>
    <line>
      <![CDATA[***********beforeNavigateTo**********]]>
    </line>
    <line>
      <![CDATA[************afterNavigateTo*********]]>
    </line>
    <line>
      <![CDATA[***********beforeNavigateTo**********]]>
    </line>
    <line>
      <![CDATA[************afterNavigateTo*********]]>
    </line>
    <line>
      <![CDATA[ITestResult Test Started]]>
    </line>
    <line>
      <![CDATA[***********beforeFindBy**********]]>
    </line>
    <line>
      <![CDATA[***********afterFindBy**********]]>
    </line>
    <line>
      <![CDATA[***********beforeFindBy**********]]>
    </line>
    <line>
      <![CDATA[***********afterFindBy**********]]>
    </line>
    <line>
      <![CDATA[***********beforeFindBy**********]]>
    </line>
    <line>
      <![CDATA[***********afterFindBy**********]]>
    </line>
    <line>
      <![CDATA[***********beforeFindBy**********]]>
    </line>
    <line>
      <![CDATA[***********afterFindBy**********]]>
    </line>
    <line>
      <![CDATA[***********beforeFindBy**********]]>
    </line>
    <line>
      <![CDATA[***********afterFindBy**********]]>
    </line>
    <line>
      <![CDATA[***********beforeFindBy**********]]>
    </line>
    <line>
      <![CDATA[***********afterFindBy**********]]>
    </line>
    <line>
      <![CDATA[************beforeGetScreenshotAs*********]]>
    </line>
    <line>
      <![CDATA[*********afterGetScreenshotAs************]]>
    </line>
    <line>
      <![CDATA[************beforeGetScreenshotAs*********]]>
    </line>
    <line>
      <![CDATA[*********afterGetScreenshotAs************]]>
    </line>
    <line>
      <![CDATA[************beforeGetScreenshotAs*********]]>
    </line>
    <line>
      <![CDATA[*********afterGetScreenshotAs************]]>
    </line>
    <line>
      <![CDATA[************beforeGetScreenshotAs*********]]>
    </line>
    <line>
      <![CDATA[*********afterGetScreenshotAs************]]>
    </line>
    <line>
      <![CDATA[***********beforeNavigateTo**********]]>
    </line>
    <line>
      <![CDATA[************afterNavigateTo*********]]>
    </line>
    <line>
      <![CDATA[***********beforeNavigateTo**********]]>
    </line>
    <line>
      <![CDATA[************afterNavigateTo*********]]>
    </line>
    <line>
      <![CDATA[ITestResult Test Started]]>
    </line>
    <line>
      <![CDATA[***********beforeFindBy**********]]>
    </line>
    <line>
      <![CDATA[***********afterFindBy**********]]>
    </line>
    <line>
      <![CDATA[***********beforeFindBy**********]]>
    </line>
    <line>
      <![CDATA[***********afterFindBy**********]]>
    </line>
    <line>
      <![CDATA[***********beforeFindBy**********]]>
    </line>
    <line>
      <![CDATA[***********afterFindBy**********]]>
    </line>
    <line>
      <![CDATA[***********beforeFindBy**********]]>
    </line>
    <line>
      <![CDATA[***********afterFindBy**********]]>
    </line>
    <line>
      <![CDATA[***********beforeFindBy**********]]>
    </line>
    <line>
      <![CDATA[***********afterFindBy**********]]>
    </line>
    <line>
      <![CDATA[***********beforeFindBy**********]]>
    </line>
    <line>
      <![CDATA[***********afterFindBy**********]]>
    </line>
    <line>
      <![CDATA[************beforeGetScreenshotAs*********]]>
    </line>
    <line>
      <![CDATA[*********afterGetScreenshotAs************]]>
    </line>
    <line>
      <![CDATA[************beforeGetScreenshotAs*********]]>
    </line>
    <line>
      <![CDATA[*********afterGetScreenshotAs************]]>
    </line>
    <line>
      <![CDATA[************beforeGetScreenshotAs*********]]>
    </line>
    <line>
      <![CDATA[*********afterGetScreenshotAs************]]>
    </line>
    <line>
      <![CDATA[************beforeGetScreenshotAs*********]]>
    </line>
    <line>
      <![CDATA[*********afterGetScreenshotAs************]]>
    </line>
    <line>
      <![CDATA[***********beforeNavigateTo**********]]>
    </line>
    <line>
      <![CDATA[************afterNavigateTo*********]]>
    </line>
    <line>
      <![CDATA[***********beforeNavigateTo**********]]>
    </line>
    <line>
      <![CDATA[************afterNavigateTo*********]]>
    </line>
    <line>
      <![CDATA[ITestResult Test Started]]>
    </line>
    <line>
      <![CDATA[***********beforeFindBy**********]]>
    </line>
    <line>
      <![CDATA[***********afterFindBy**********]]>
    </line>
    <line>
      <![CDATA[***********beforeFindBy**********]]>
    </line>
    <line>
      <![CDATA[***********afterFindBy**********]]>
    </line>
    <line>
      <![CDATA[***********beforeFindBy**********]]>
    </line>
    <line>
      <![CDATA[***********afterFindBy**********]]>
    </line>
    <line>
      <![CDATA[**********beforeChangeValueOf***********]]>
    </line>
    <line>
      <![CDATA[**********afterChangeValueOf***********]]>
    </line>
    <line>
      <![CDATA[***********beforeFindBy**********]]>
    </line>
    <line>
      <![CDATA[***********afterFindBy**********]]>
    </line>
    <line>
      <![CDATA[**********beforeChangeValueOf***********]]>
    </line>
    <line>
      <![CDATA[**********afterChangeValueOf***********]]>
    </line>
    <line>
      <![CDATA[***********beforeFindBy**********]]>
    </line>
    <line>
      <![CDATA[***********afterFindBy**********]]>
    </line>
    <line>
      <![CDATA[***********beforeFindBy**********]]>
    </line>
    <line>
      <![CDATA[***********afterFindBy**********]]>
    </line>
    <line>
      <![CDATA[***********beforeFindBy**********]]>
    </line>
    <line>
      <![CDATA[***********afterFindBy**********]]>
    </line>
    <line>
      <![CDATA[**********beforeChangeValueOf***********]]>
    </line>
    <line>
      <![CDATA[**********afterChangeValueOf***********]]>
    </line>
    <line>
      <![CDATA[***********beforeFindBy**********]]>
    </line>
    <line>
      <![CDATA[***********afterFindBy**********]]>
    </line>
    <line>
      <![CDATA[**********beforeChangeValueOf***********]]>
    </line>
    <line>
      <![CDATA[**********afterChangeValueOf***********]]>
    </line>
    <line>
      <![CDATA[***********beforeFindBy**********]]>
    </line>
    <line>
      <![CDATA[***********afterFindBy**********]]>
    </line>
    <line>
      <![CDATA[**********beforeClickOn***********]]>
    </line>
    <line>
      <![CDATA[**********afterClickOn***********]]>
    </line>
    <line>
      <![CDATA[***********beforeFindBy**********]]>
    </line>
    <line>
      <![CDATA[***********afterFindBy**********]]>
    </line>
    <line>
      <![CDATA[***********beforeFindBy**********]]>
    </line>
    <line>
      <![CDATA[***********afterFindBy**********]]>
    </line>
    <line>
      <![CDATA[***********beforeFindBy**********]]>
    </line>
    <line>
      <![CDATA[***********afterFindBy**********]]>
    </line>
    <line>
      <![CDATA[***********beforeFindBy**********]]>
    </line>
    <line>
      <![CDATA[***********afterFindBy**********]]>
    </line>
    <line>
      <![CDATA[***********beforeFindBy**********]]>
    </line>
    <line>
      <![CDATA[***********afterFindBy**********]]>
    </line>
    <line>
      <![CDATA[***********beforeFindBy**********]]>
    </line>
    <line>
      <![CDATA[***********afterFindBy**********]]>
    </line>
    <line>
      <![CDATA[************beforeGetScreenshotAs*********]]>
    </line>
    <line>
      <![CDATA[*********afterGetScreenshotAs************]]>
    </line>
    <line>
      <![CDATA[************beforeGetScreenshotAs*********]]>
    </line>
    <line>
      <![CDATA[*********afterGetScreenshotAs************]]>
    </line>
    <line>
      <![CDATA[************beforeGetScreenshotAs*********]]>
    </line>
    <line>
      <![CDATA[*********afterGetScreenshotAs************]]>
    </line>
    <line>
      <![CDATA[************beforeGetScreenshotAs*********]]>
    </line>
    <line>
      <![CDATA[*********afterGetScreenshotAs************]]>
    </line>
  </reporter-output>
  <suite name="Test" duration-ms="853911" started-at="2020-03-29T09:53:47Z" finished-at="2020-03-29T10:08:01Z">
    <groups>
      <group name="SignInpage_smoke">
        <method signature="SignInTest.validateLoginProcess_SIP()[pri:4, instance:com.a32hp.automationpracticee.framework.test.createaccountandlogin.SignInTest@76a4d6c]" name="validateLoginProcess_SIP" class="com.a32hp.automationpracticee.framework.test.createaccountandlogin.SignInTest"/>
      </group> <!-- SignInpage_smoke -->
      <group name="txt">
        <method signature="SignInTest.validateSignInPageBreadcrumbText_SIP()[pri:2, instance:com.a32hp.automationpracticee.framework.test.createaccountandlogin.SignInTest@76a4d6c]" name="validateSignInPageBreadcrumbText_SIP" class="com.a32hp.automationpracticee.framework.test.createaccountandlogin.SignInTest"/>
        <method signature="SignInTest.validateSignInPage_PageHeading_SIP()[pri:0, instance:com.a32hp.automationpracticee.framework.test.createaccountandlogin.SignInTest@76a4d6c]" name="validateSignInPage_PageHeading_SIP" class="com.a32hp.automationpracticee.framework.test.createaccountandlogin.SignInTest"/>
        <method signature="SignInTest.validateSignInPage_SignInSectionHeading_SIP()[pri:1, instance:com.a32hp.automationpracticee.framework.test.createaccountandlogin.SignInTest@76a4d6c]" name="validateSignInPage_SignInSectionHeading_SIP" class="com.a32hp.automationpracticee.framework.test.createaccountandlogin.SignInTest"/>
      </group> <!-- txt -->
      <group name="SignInpage_func">
        <method signature="SignInTest.validateLoginProcess_SIP()[pri:4, instance:com.a32hp.automationpracticee.framework.test.createaccountandlogin.SignInTest@76a4d6c]" name="validateLoginProcess_SIP" class="com.a32hp.automationpracticee.framework.test.createaccountandlogin.SignInTest"/>
      </group> <!-- SignInpage_func -->
      <group name="func">
        <method signature="SignInTest.validateLoginProcess_SIP()[pri:4, instance:com.a32hp.automationpracticee.framework.test.createaccountandlogin.SignInTest@76a4d6c]" name="validateLoginProcess_SIP" class="com.a32hp.automationpracticee.framework.test.createaccountandlogin.SignInTest"/>
      </group> <!-- func -->
      <group name="createaccountandlogin">
        <method signature="SignInTest.validateLoginProcess_SIP()[pri:4, instance:com.a32hp.automationpracticee.framework.test.createaccountandlogin.SignInTest@76a4d6c]" name="validateLoginProcess_SIP" class="com.a32hp.automationpracticee.framework.test.createaccountandlogin.SignInTest"/>
        <method signature="SignInTest.validateRegistrationSectionHeading_SignInPage_SIP()[pri:3, instance:com.a32hp.automationpracticee.framework.test.createaccountandlogin.SignInTest@76a4d6c]" name="validateRegistrationSectionHeading_SignInPage_SIP" class="com.a32hp.automationpracticee.framework.test.createaccountandlogin.SignInTest"/>
        <method signature="SignInTest.validateSignInPageBreadcrumbText_SIP()[pri:2, instance:com.a32hp.automationpracticee.framework.test.createaccountandlogin.SignInTest@76a4d6c]" name="validateSignInPageBreadcrumbText_SIP" class="com.a32hp.automationpracticee.framework.test.createaccountandlogin.SignInTest"/>
        <method signature="SignInTest.validateSignInPage_PageHeading_SIP()[pri:0, instance:com.a32hp.automationpracticee.framework.test.createaccountandlogin.SignInTest@76a4d6c]" name="validateSignInPage_PageHeading_SIP" class="com.a32hp.automationpracticee.framework.test.createaccountandlogin.SignInTest"/>
        <method signature="SignInTest.validateSignInPage_SignInSectionHeading_SIP()[pri:1, instance:com.a32hp.automationpracticee.framework.test.createaccountandlogin.SignInTest@76a4d6c]" name="validateSignInPage_SignInSectionHeading_SIP" class="com.a32hp.automationpracticee.framework.test.createaccountandlogin.SignInTest"/>
      </group> <!-- createaccountandlogin -->
      <group name="Low">
        <method signature="SignInTest.validateRegistrationSectionHeading_SignInPage_SIP()[pri:3, instance:com.a32hp.automationpracticee.framework.test.createaccountandlogin.SignInTest@76a4d6c]" name="validateRegistrationSectionHeading_SignInPage_SIP" class="com.a32hp.automationpracticee.framework.test.createaccountandlogin.SignInTest"/>
        <method signature="SignInTest.validateSignInPageBreadcrumbText_SIP()[pri:2, instance:com.a32hp.automationpracticee.framework.test.createaccountandlogin.SignInTest@76a4d6c]" name="validateSignInPageBreadcrumbText_SIP" class="com.a32hp.automationpracticee.framework.test.createaccountandlogin.SignInTest"/>
        <method signature="SignInTest.validateSignInPage_PageHeading_SIP()[pri:0, instance:com.a32hp.automationpracticee.framework.test.createaccountandlogin.SignInTest@76a4d6c]" name="validateSignInPage_PageHeading_SIP" class="com.a32hp.automationpracticee.framework.test.createaccountandlogin.SignInTest"/>
        <method signature="SignInTest.validateSignInPage_SignInSectionHeading_SIP()[pri:1, instance:com.a32hp.automationpracticee.framework.test.createaccountandlogin.SignInTest@76a4d6c]" name="validateSignInPage_SignInSectionHeading_SIP" class="com.a32hp.automationpracticee.framework.test.createaccountandlogin.SignInTest"/>
      </group> <!-- Low -->
      <group name="smoke">
        <method signature="SignInTest.validateLoginProcess_SIP()[pri:4, instance:com.a32hp.automationpracticee.framework.test.createaccountandlogin.SignInTest@76a4d6c]" name="validateLoginProcess_SIP" class="com.a32hp.automationpracticee.framework.test.createaccountandlogin.SignInTest"/>
        <method signature="SignInTest.validateRegistrationSectionHeading_SignInPage_SIP()[pri:3, instance:com.a32hp.automationpracticee.framework.test.createaccountandlogin.SignInTest@76a4d6c]" name="validateRegistrationSectionHeading_SignInPage_SIP" class="com.a32hp.automationpracticee.framework.test.createaccountandlogin.SignInTest"/>
      </group> <!-- smoke -->
      <group name="SignInpage_txt">
        <method signature="SignInTest.validateRegistrationSectionHeading_SignInPage_SIP()[pri:3, instance:com.a32hp.automationpracticee.framework.test.createaccountandlogin.SignInTest@76a4d6c]" name="validateRegistrationSectionHeading_SignInPage_SIP" class="com.a32hp.automationpracticee.framework.test.createaccountandlogin.SignInTest"/>
        <method signature="SignInTest.validateSignInPageBreadcrumbText_SIP()[pri:2, instance:com.a32hp.automationpracticee.framework.test.createaccountandlogin.SignInTest@76a4d6c]" name="validateSignInPageBreadcrumbText_SIP" class="com.a32hp.automationpracticee.framework.test.createaccountandlogin.SignInTest"/>
        <method signature="SignInTest.validateSignInPage_PageHeading_SIP()[pri:0, instance:com.a32hp.automationpracticee.framework.test.createaccountandlogin.SignInTest@76a4d6c]" name="validateSignInPage_PageHeading_SIP" class="com.a32hp.automationpracticee.framework.test.createaccountandlogin.SignInTest"/>
        <method signature="SignInTest.validateSignInPage_SignInSectionHeading_SIP()[pri:1, instance:com.a32hp.automationpracticee.framework.test.createaccountandlogin.SignInTest@76a4d6c]" name="validateSignInPage_SignInSectionHeading_SIP" class="com.a32hp.automationpracticee.framework.test.createaccountandlogin.SignInTest"/>
      </group> <!-- SignInpage_txt -->
    </groups>
    <test name="FFTest1-SignInTest" duration-ms="853911" started-at="2020-03-29T09:53:47Z" finished-at="2020-03-29T10:08:01Z">
      <class name="com.a32hp.automationpracticee.framework.test.createaccountandlogin.SignInTest">
        <test-method status="PASS" signature="BeforeSuite()[pri:0, instance:com.a32hp.automationpracticee.framework.test.createaccountandlogin.SignInTest@76a4d6c]" name="BeforeSuite" is-config="true" duration-ms="945" started-at="2020-03-29T09:53:46Z" finished-at="2020-03-29T09:53:47Z">
          <reporter-output>
          </reporter-output>
        </test-method> <!-- BeforeSuite -->
        <test-method status="PASS" signature="BeforeClass()[pri:0, instance:com.a32hp.automationpracticee.framework.test.createaccountandlogin.SignInTest@76a4d6c]" name="BeforeClass" is-config="true" duration-ms="435" started-at="2020-03-29T09:53:47Z" finished-at="2020-03-29T09:53:48Z">
          <reporter-output>
          </reporter-output>
        </test-method> <!-- BeforeClass -->
        <test-method status="PASS" signature="BeforeMethodTB(java.lang.reflect.Method, java.lang.String)[pri:0, instance:com.a32hp.automationpracticee.framework.test.createaccountandlogin.SignInTest@76a4d6c]" name="BeforeMethodTB" is-config="true" duration-ms="49" started-at="2020-03-29T09:53:48Z" finished-at="2020-03-29T09:53:48Z">
          <params>
            <param index="0">
              <value>
                <![CDATA[public void com.a32hp.automationpracticee.framework.test.createaccountandlogin.SignInTest.validateSignInPage_PageHeading_SIP() throws java.lang.Exception]]>
              </value>
            </param>
            <param index="1">
              <value>
                <![CDATA[Firefox]]>
              </value>
            </param>
          </params>
          <reporter-output>
          </reporter-output>
        </test-method> <!-- BeforeMethodTB -->
        <test-method status="PASS" signature="getBrowser(java.lang.String, java.lang.String, java.lang.String)[pri:0, instance:com.a32hp.automationpracticee.framework.test.createaccountandlogin.SignInTest@76a4d6c]" name="getBrowser" is-config="true" duration-ms="230186" started-at="2020-03-29T09:53:48Z" finished-at="2020-03-29T09:57:38Z">
          <params>
            <param index="0">
              <value>
                <![CDATA[Firefox]]>
              </value>
            </param>
            <param index="1">
              <value>
                <![CDATA[http://automationpractice.com/index.php]]>
              </value>
            </param>
            <param index="2">
              <value>
                <![CDATA[WINDOWS]]>
              </value>
            </param>
          </params>
          <reporter-output>
            <line>
              <![CDATA[***********beforeNavigateTo**********]]>
            </line>
            <line>
              <![CDATA[************afterNavigateTo*********]]>
            </line>
            <line>
              <![CDATA[***********beforeNavigateTo**********]]>
            </line>
            <line>
              <![CDATA[************afterNavigateTo*********]]>
            </line>
          </reporter-output>
        </test-method> <!-- getBrowser -->
        <test-method status="PASS" signature="validateSignInPage_PageHeading_SIP()[pri:0, instance:com.a32hp.automationpracticee.framework.test.createaccountandlogin.SignInTest@76a4d6c]" name="validateSignInPage_PageHeading_SIP" duration-ms="1897" started-at="2020-03-29T09:57:38Z" finished-at="2020-03-29T09:57:40Z">
          <reporter-output>
            <line>
              <![CDATA[ITestResult Test Started]]>
            </line>
            <line>
              <![CDATA[***********beforeFindBy**********]]>
            </line>
            <line>
              <![CDATA[***********afterFindBy**********]]>
            </line>
            <line>
              <![CDATA[***********beforeFindBy**********]]>
            </line>
            <line>
              <![CDATA[***********afterFindBy**********]]>
            </line>
            <line>
              <![CDATA[***********beforeFindBy**********]]>
            </line>
            <line>
              <![CDATA[***********afterFindBy**********]]>
            </line>
            <line>
              <![CDATA[***********beforeFindBy**********]]>
            </line>
            <line>
              <![CDATA[***********afterFindBy**********]]>
            </line>
            <line>
              <![CDATA[***********beforeFindBy**********]]>
            </line>
            <line>
              <![CDATA[***********afterFindBy**********]]>
            </line>
            <line>
              <![CDATA[***********beforeFindBy**********]]>
            </line>
            <line>
              <![CDATA[***********afterFindBy**********]]>
            </line>
            <line>
              <![CDATA[************beforeGetScreenshotAs*********]]>
            </line>
            <line>
              <![CDATA[*********afterGetScreenshotAs************]]>
            </line>
            <line>
              <![CDATA[************beforeGetScreenshotAs*********]]>
            </line>
            <line>
              <![CDATA[*********afterGetScreenshotAs************]]>
            </line>
            <line>
              <![CDATA[************beforeGetScreenshotAs*********]]>
            </line>
            <line>
              <![CDATA[*********afterGetScreenshotAs************]]>
            </line>
            <line>
              <![CDATA[************beforeGetScreenshotAs*********]]>
            </line>
            <line>
              <![CDATA[*********afterGetScreenshotAs************]]>
            </line>
          </reporter-output>
        </test-method> <!-- validateSignInPage_PageHeading_SIP -->
        <test-method status="PASS" signature="publishReport_SIP()[pri:0, instance:com.a32hp.automationpracticee.framework.test.createaccountandlogin.SignInTest@76a4d6c]" name="publishReport_SIP" is-config="true" duration-ms="4627" started-at="2020-03-29T09:57:45Z" finished-at="2020-03-29T09:57:49Z">
          <reporter-output>
          </reporter-output>
        </test-method> <!-- publishReport_SIP -->
        <test-method status="PASS" signature="BeforeMethodTB(java.lang.reflect.Method, java.lang.String)[pri:0, instance:com.a32hp.automationpracticee.framework.test.createaccountandlogin.SignInTest@76a4d6c]" name="BeforeMethodTB" is-config="true" duration-ms="1" started-at="2020-03-29T09:57:49Z" finished-at="2020-03-29T09:57:49Z">
          <params>
            <param index="0">
              <value>
                <![CDATA[public void com.a32hp.automationpracticee.framework.test.createaccountandlogin.SignInTest.validateSignInPage_SignInSectionHeading_SIP() throws java.lang.Exception]]>
              </value>
            </param>
            <param index="1">
              <value>
                <![CDATA[Firefox]]>
              </value>
            </param>
          </params>
          <reporter-output>
          </reporter-output>
        </test-method> <!-- BeforeMethodTB -->
        <test-method status="PASS" signature="getBrowser(java.lang.String, java.lang.String, java.lang.String)[pri:0, instance:com.a32hp.automationpracticee.framework.test.createaccountandlogin.SignInTest@76a4d6c]" name="getBrowser" is-config="true" duration-ms="80979" started-at="2020-03-29T09:57:49Z" finished-at="2020-03-29T09:59:10Z">
          <params>
            <param index="0">
              <value>
                <![CDATA[Firefox]]>
              </value>
            </param>
            <param index="1">
              <value>
                <![CDATA[http://automationpractice.com/index.php]]>
              </value>
            </param>
            <param index="2">
              <value>
                <![CDATA[WINDOWS]]>
              </value>
            </param>
          </params>
          <reporter-output>
            <line>
              <![CDATA[***********beforeNavigateTo**********]]>
            </line>
            <line>
              <![CDATA[************afterNavigateTo*********]]>
            </line>
            <line>
              <![CDATA[***********beforeNavigateTo**********]]>
            </line>
            <line>
              <![CDATA[************afterNavigateTo*********]]>
            </line>
          </reporter-output>
        </test-method> <!-- getBrowser -->
        <test-method status="FAIL" signature="validateSignInPage_SignInSectionHeading_SIP()[pri:1, instance:com.a32hp.automationpracticee.framework.test.createaccountandlogin.SignInTest@76a4d6c]" name="validateSignInPage_SignInSectionHeading_SIP" duration-ms="1197" started-at="2020-03-29T09:59:10Z" finished-at="2020-03-29T09:59:12Z">
          <exception class="java.lang.AssertionError">
            <message>
              <![CDATA[expected [ALREADY REGISTEREDD?] but found [ALREADY REGISTERED?]]]>
            </message>
            <full-stacktrace>
              <![CDATA[java.lang.AssertionError: expected [ALREADY REGISTEREDD?] but found [ALREADY REGISTERED?]
at org.testng.Assert.fail(Assert.java:96)
at org.testng.Assert.failNotEquals(Assert.java:776)
at org.testng.Assert.assertEqualsImpl(Assert.java:137)
at org.testng.Assert.assertEquals(Assert.java:118)
at org.testng.Assert.assertEquals(Assert.java:453)
at org.testng.Assert.assertEquals(Assert.java:463)
at com.a32hp.automationpracticee.framework.test.createaccountandlogin.SignInTest.validateSignInPage_SignInSectionHeading_SIP(SignInTest.java:173)
at sun.reflect.NativeMethodAccessorImpl.invoke0(Native Method)
at sun.reflect.NativeMethodAccessorImpl.invoke(NativeMethodAccessorImpl.java:62)
at sun.reflect.DelegatingMethodAccessorImpl.invoke(DelegatingMethodAccessorImpl.java:43)
at java.lang.reflect.Method.invoke(Method.java:498)
at org.testng.internal.MethodInvocationHelper.invokeMethod(MethodInvocationHelper.java:124)
at org.testng.internal.Invoker.invokeMethod(Invoker.java:580)
at org.testng.internal.Invoker.invokeTestMethod(Invoker.java:716)
at org.testng.internal.Invoker.invokeTestMethods(Invoker.java:988)
at org.testng.internal.TestMethodWorker.invokeTestMethods(TestMethodWorker.java:125)
at org.testng.internal.TestMethodWorker.run(TestMethodWorker.java:109)
at org.testng.TestRunner.privateRun(TestRunner.java:648)
at org.testng.TestRunner.run(TestRunner.java:505)
at org.testng.SuiteRunner.runTest(SuiteRunner.java:455)
at org.testng.SuiteRunner.access$000(SuiteRunner.java:40)
at org.testng.SuiteRunner$SuiteWorker.run(SuiteRunner.java:489)
at org.testng.internal.thread.ThreadUtil$1.call(ThreadUtil.java:52)
at java.util.concurrent.FutureTask.run(FutureTask.java:266)
at java.util.concurrent.ThreadPoolExecutor.runWorker(ThreadPoolExecutor.java:1142)
at java.util.concurrent.ThreadPoolExecutor$Worker.run(ThreadPoolExecutor.java:617)
at java.lang.Thread.run(Thread.java:748)
]]>
            </full-stacktrace>
          </exception> <!-- java.lang.AssertionError -->
          <reporter-output>
            <line>
              <![CDATA[ITestResult Test Started]]>
            </line>
            <line>
              <![CDATA[***********beforeFindBy**********]]>
            </line>
            <line>
              <![CDATA[***********afterFindBy**********]]>
            </line>
            <line>
              <![CDATA[***********beforeFindBy**********]]>
            </line>
            <line>
              <![CDATA[***********afterFindBy**********]]>
            </line>
            <line>
              <![CDATA[***********beforeFindBy**********]]>
            </line>
            <line>
              <![CDATA[***********afterFindBy**********]]>
            </line>
            <line>
              <![CDATA[***********beforeFindBy**********]]>
            </line>
            <line>
              <![CDATA[***********afterFindBy**********]]>
            </line>
            <line>
              <![CDATA[***********beforeFindBy**********]]>
            </line>
            <line>
              <![CDATA[***********afterFindBy**********]]>
            </line>
            <line>
              <![CDATA[***********beforeFindBy**********]]>
            </line>
            <line>
              <![CDATA[***********afterFindBy**********]]>
            </line>
            <line>
              <![CDATA[************beforeGetScreenshotAs*********]]>
            </line>
            <line>
              <![CDATA[*********afterGetScreenshotAs************]]>
            </line>
            <line>
              <![CDATA[************beforeGetScreenshotAs*********]]>
            </line>
            <line>
              <![CDATA[*********afterGetScreenshotAs************]]>
            </line>
            <line>
              <![CDATA[************beforeGetScreenshotAs*********]]>
            </line>
            <line>
              <![CDATA[*********afterGetScreenshotAs************]]>
            </line>
            <line>
              <![CDATA[************beforeGetScreenshotAs*********]]>
            </line>
            <line>
              <![CDATA[*********afterGetScreenshotAs************]]>
            </line>
          </reporter-output>
        </test-method> <!-- validateSignInPage_SignInSectionHeading_SIP -->
        <test-method status="PASS" signature="publishReport_SIP()[pri:0, instance:com.a32hp.automationpracticee.framework.test.createaccountandlogin.SignInTest@76a4d6c]" name="publishReport_SIP" is-config="true" duration-ms="2899" started-at="2020-03-29T09:59:13Z" finished-at="2020-03-29T09:59:16Z">
          <reporter-output>
          </reporter-output>
        </test-method> <!-- publishReport_SIP -->
        <test-method status="PASS" signature="BeforeMethodTB(java.lang.reflect.Method, java.lang.String)[pri:0, instance:com.a32hp.automationpracticee.framework.test.createaccountandlogin.SignInTest@76a4d6c]" name="BeforeMethodTB" is-config="true" duration-ms="2" started-at="2020-03-29T09:59:16Z" finished-at="2020-03-29T09:59:16Z">
          <params>
            <param index="0">
              <value>
                <![CDATA[public void com.a32hp.automationpracticee.framework.test.createaccountandlogin.SignInTest.validateSignInPageBreadcrumbText_SIP() throws java.lang.Exception]]>
              </value>
            </param>
            <param index="1">
              <value>
                <![CDATA[Firefox]]>
              </value>
            </param>
          </params>
          <reporter-output>
          </reporter-output>
        </test-method> <!-- BeforeMethodTB -->
        <test-method status="PASS" signature="getBrowser(java.lang.String, java.lang.String, java.lang.String)[pri:0, instance:com.a32hp.automationpracticee.framework.test.createaccountandlogin.SignInTest@76a4d6c]" name="getBrowser" is-config="true" duration-ms="163520" started-at="2020-03-29T09:59:16Z" finished-at="2020-03-29T10:02:00Z">
          <params>
            <param index="0">
              <value>
                <![CDATA[Firefox]]>
              </value>
            </param>
            <param index="1">
              <value>
                <![CDATA[http://automationpractice.com/index.php]]>
              </value>
            </param>
            <param index="2">
              <value>
                <![CDATA[WINDOWS]]>
              </value>
            </param>
          </params>
          <reporter-output>
            <line>
              <![CDATA[***********beforeNavigateTo**********]]>
            </line>
            <line>
              <![CDATA[************afterNavigateTo*********]]>
            </line>
            <line>
              <![CDATA[***********beforeNavigateTo**********]]>
            </line>
            <line>
              <![CDATA[************afterNavigateTo*********]]>
            </line>
          </reporter-output>
        </test-method> <!-- getBrowser -->
        <test-method status="PASS" signature="validateSignInPageBreadcrumbText_SIP()[pri:2, instance:com.a32hp.automationpracticee.framework.test.createaccountandlogin.SignInTest@76a4d6c]" name="validateSignInPageBreadcrumbText_SIP" duration-ms="1340" started-at="2020-03-29T10:02:00Z" finished-at="2020-03-29T10:02:01Z">
          <reporter-output>
            <line>
              <![CDATA[ITestResult Test Started]]>
            </line>
            <line>
              <![CDATA[***********beforeFindBy**********]]>
            </line>
            <line>
              <![CDATA[***********afterFindBy**********]]>
            </line>
            <line>
              <![CDATA[***********beforeFindBy**********]]>
            </line>
            <line>
              <![CDATA[***********afterFindBy**********]]>
            </line>
            <line>
              <![CDATA[***********beforeFindBy**********]]>
            </line>
            <line>
              <![CDATA[***********afterFindBy**********]]>
            </line>
            <line>
              <![CDATA[***********beforeFindBy**********]]>
            </line>
            <line>
              <![CDATA[***********afterFindBy**********]]>
            </line>
            <line>
              <![CDATA[***********beforeFindBy**********]]>
            </line>
            <line>
              <![CDATA[***********afterFindBy**********]]>
            </line>
            <line>
              <![CDATA[***********beforeFindBy**********]]>
            </line>
            <line>
              <![CDATA[***********afterFindBy**********]]>
            </line>
            <line>
              <![CDATA[************beforeGetScreenshotAs*********]]>
            </line>
            <line>
              <![CDATA[*********afterGetScreenshotAs************]]>
            </line>
            <line>
              <![CDATA[************beforeGetScreenshotAs*********]]>
            </line>
            <line>
              <![CDATA[*********afterGetScreenshotAs************]]>
            </line>
            <line>
              <![CDATA[************beforeGetScreenshotAs*********]]>
            </line>
            <line>
              <![CDATA[*********afterGetScreenshotAs************]]>
            </line>
            <line>
              <![CDATA[************beforeGetScreenshotAs*********]]>
            </line>
            <line>
              <![CDATA[*********afterGetScreenshotAs************]]>
            </line>
          </reporter-output>
        </test-method> <!-- validateSignInPageBreadcrumbText_SIP -->
        <test-method status="PASS" signature="publishReport_SIP()[pri:0, instance:com.a32hp.automationpracticee.framework.test.createaccountandlogin.SignInTest@76a4d6c]" name="publishReport_SIP" is-config="true" duration-ms="2961" started-at="2020-03-29T10:02:02Z" finished-at="2020-03-29T10:02:05Z">
          <reporter-output>
          </reporter-output>
        </test-method> <!-- publishReport_SIP -->
        <test-method status="PASS" signature="BeforeMethodTB(java.lang.reflect.Method, java.lang.String)[pri:0, instance:com.a32hp.automationpracticee.framework.test.createaccountandlogin.SignInTest@76a4d6c]" name="BeforeMethodTB" is-config="true" duration-ms="0" started-at="2020-03-29T10:02:05Z" finished-at="2020-03-29T10:02:05Z">
          <params>
            <param index="0">
              <value>
                <![CDATA[public void com.a32hp.automationpracticee.framework.test.createaccountandlogin.SignInTest.validateRegistrationSectionHeading_SignInPage_SIP() throws java.lang.Exception]]>
              </value>
            </param>
            <param index="1">
              <value>
                <![CDATA[Firefox]]>
              </value>
            </param>
          </params>
          <reporter-output>
          </reporter-output>
        </test-method> <!-- BeforeMethodTB -->
        <test-method status="PASS" signature="getBrowser(java.lang.String, java.lang.String, java.lang.String)[pri:0, instance:com.a32hp.automationpracticee.framework.test.createaccountandlogin.SignInTest@76a4d6c]" name="getBrowser" is-config="true" duration-ms="186164" started-at="2020-03-29T10:02:05Z" finished-at="2020-03-29T10:05:11Z">
          <params>
            <param index="0">
              <value>
                <![CDATA[Firefox]]>
              </value>
            </param>
            <param index="1">
              <value>
                <![CDATA[http://automationpractice.com/index.php]]>
              </value>
            </param>
            <param index="2">
              <value>
                <![CDATA[WINDOWS]]>
              </value>
            </param>
          </params>
          <reporter-output>
            <line>
              <![CDATA[***********beforeNavigateTo**********]]>
            </line>
            <line>
              <![CDATA[************afterNavigateTo*********]]>
            </line>
            <line>
              <![CDATA[***********beforeNavigateTo**********]]>
            </line>
            <line>
              <![CDATA[************afterNavigateTo*********]]>
            </line>
          </reporter-output>
        </test-method> <!-- getBrowser -->
        <test-method status="PASS" signature="validateRegistrationSectionHeading_SignInPage_SIP()[pri:3, instance:com.a32hp.automationpracticee.framework.test.createaccountandlogin.SignInTest@76a4d6c]" name="validateRegistrationSectionHeading_SignInPage_SIP" duration-ms="1437" started-at="2020-03-29T10:05:11Z" finished-at="2020-03-29T10:05:12Z">
          <reporter-output>
            <line>
              <![CDATA[ITestResult Test Started]]>
            </line>
            <line>
              <![CDATA[***********beforeFindBy**********]]>
            </line>
            <line>
              <![CDATA[***********afterFindBy**********]]>
            </line>
            <line>
              <![CDATA[***********beforeFindBy**********]]>
            </line>
            <line>
              <![CDATA[***********afterFindBy**********]]>
            </line>
            <line>
              <![CDATA[***********beforeFindBy**********]]>
            </line>
            <line>
              <![CDATA[***********afterFindBy**********]]>
            </line>
            <line>
              <![CDATA[***********beforeFindBy**********]]>
            </line>
            <line>
              <![CDATA[***********afterFindBy**********]]>
            </line>
            <line>
              <![CDATA[***********beforeFindBy**********]]>
            </line>
            <line>
              <![CDATA[***********afterFindBy**********]]>
            </line>
            <line>
              <![CDATA[***********beforeFindBy**********]]>
            </line>
            <line>
              <![CDATA[***********afterFindBy**********]]>
            </line>
            <line>
              <![CDATA[************beforeGetScreenshotAs*********]]>
            </line>
            <line>
              <![CDATA[*********afterGetScreenshotAs************]]>
            </line>
            <line>
              <![CDATA[************beforeGetScreenshotAs*********]]>
            </line>
            <line>
              <![CDATA[*********afterGetScreenshotAs************]]>
            </line>
            <line>
              <![CDATA[************beforeGetScreenshotAs*********]]>
            </line>
            <line>
              <![CDATA[*********afterGetScreenshotAs************]]>
            </line>
            <line>
              <![CDATA[************beforeGetScreenshotAs*********]]>
            </line>
            <line>
              <![CDATA[*********afterGetScreenshotAs************]]>
            </line>
          </reporter-output>
        </test-method> <!-- validateRegistrationSectionHeading_SignInPage_SIP -->
        <test-method status="PASS" signature="publishReport_SIP()[pri:0, instance:com.a32hp.automationpracticee.framework.test.createaccountandlogin.SignInTest@76a4d6c]" name="publishReport_SIP" is-config="true" duration-ms="2734" started-at="2020-03-29T10:05:13Z" finished-at="2020-03-29T10:05:16Z">
          <reporter-output>
          </reporter-output>
        </test-method> <!-- publishReport_SIP -->
        <test-method status="PASS" signature="BeforeMethodTB(java.lang.reflect.Method, java.lang.String)[pri:0, instance:com.a32hp.automationpracticee.framework.test.createaccountandlogin.SignInTest@76a4d6c]" name="BeforeMethodTB" is-config="true" duration-ms="0" started-at="2020-03-29T10:05:16Z" finished-at="2020-03-29T10:05:16Z">
          <params>
            <param index="0">
              <value>
                <![CDATA[public void com.a32hp.automationpracticee.framework.test.createaccountandlogin.SignInTest.validateLoginProcess_SIP() throws java.lang.Exception]]>
              </value>
            </param>
            <param index="1">
              <value>
                <![CDATA[Firefox]]>
              </value>
            </param>
          </params>
          <reporter-output>
          </reporter-output>
        </test-method> <!-- BeforeMethodTB -->
        <test-method status="PASS" signature="getBrowser(java.lang.String, java.lang.String, java.lang.String)[pri:0, instance:com.a32hp.automationpracticee.framework.test.createaccountandlogin.SignInTest@76a4d6c]" name="getBrowser" is-config="true" duration-ms="154378" started-at="2020-03-29T10:05:16Z" finished-at="2020-03-29T10:07:51Z">
          <params>
            <param index="0">
              <value>
                <![CDATA[Firefox]]>
              </value>
            </param>
            <param index="1">
              <value>
                <![CDATA[http://automationpractice.com/index.php]]>
              </value>
            </param>
            <param index="2">
              <value>
                <![CDATA[WINDOWS]]>
              </value>
            </param>
          </params>
          <reporter-output>
            <line>
              <![CDATA[***********beforeNavigateTo**********]]>
            </line>
            <line>
              <![CDATA[************afterNavigateTo*********]]>
            </line>
            <line>
              <![CDATA[***********beforeNavigateTo**********]]>
            </line>
            <line>
              <![CDATA[************afterNavigateTo*********]]>
            </line>
          </reporter-output>
        </test-method> <!-- getBrowser -->
        <test-method status="PASS" signature="validateLoginProcess_SIP()[pri:4, instance:com.a32hp.automationpracticee.framework.test.createaccountandlogin.SignInTest@76a4d6c]" name="validateLoginProcess_SIP" duration-ms="7376" started-at="2020-03-29T10:07:51Z" finished-at="2020-03-29T10:07:58Z">
          <reporter-output>
            <line>
              <![CDATA[ITestResult Test Started]]>
            </line>
            <line>
              <![CDATA[***********beforeFindBy**********]]>
            </line>
            <line>
              <![CDATA[***********afterFindBy**********]]>
            </line>
            <line>
              <![CDATA[***********beforeFindBy**********]]>
            </line>
            <line>
              <![CDATA[***********afterFindBy**********]]>
            </line>
            <line>
              <![CDATA[***********beforeFindBy**********]]>
            </line>
            <line>
              <![CDATA[***********afterFindBy**********]]>
            </line>
            <line>
              <![CDATA[**********beforeChangeValueOf***********]]>
            </line>
            <line>
              <![CDATA[**********afterChangeValueOf***********]]>
            </line>
            <line>
              <![CDATA[***********beforeFindBy**********]]>
            </line>
            <line>
              <![CDATA[***********afterFindBy**********]]>
            </line>
            <line>
              <![CDATA[**********beforeChangeValueOf***********]]>
            </line>
            <line>
              <![CDATA[**********afterChangeValueOf***********]]>
            </line>
            <line>
              <![CDATA[***********beforeFindBy**********]]>
            </line>
            <line>
              <![CDATA[***********afterFindBy**********]]>
            </line>
            <line>
              <![CDATA[***********beforeFindBy**********]]>
            </line>
            <line>
              <![CDATA[***********afterFindBy**********]]>
            </line>
            <line>
              <![CDATA[***********beforeFindBy**********]]>
            </line>
            <line>
              <![CDATA[***********afterFindBy**********]]>
            </line>
            <line>
              <![CDATA[**********beforeChangeValueOf***********]]>
            </line>
            <line>
              <![CDATA[**********afterChangeValueOf***********]]>
            </line>
            <line>
              <![CDATA[***********beforeFindBy**********]]>
            </line>
            <line>
              <![CDATA[***********afterFindBy**********]]>
            </line>
            <line>
              <![CDATA[**********beforeChangeValueOf***********]]>
            </line>
            <line>
              <![CDATA[**********afterChangeValueOf***********]]>
            </line>
            <line>
              <![CDATA[***********beforeFindBy**********]]>
            </line>
            <line>
              <![CDATA[***********afterFindBy**********]]>
            </line>
            <line>
              <![CDATA[**********beforeClickOn***********]]>
            </line>
            <line>
              <![CDATA[**********afterClickOn***********]]>
            </line>
            <line>
              <![CDATA[***********beforeFindBy**********]]>
            </line>
            <line>
              <![CDATA[***********afterFindBy**********]]>
            </line>
            <line>
              <![CDATA[***********beforeFindBy**********]]>
            </line>
            <line>
              <![CDATA[***********afterFindBy**********]]>
            </line>
            <line>
              <![CDATA[***********beforeFindBy**********]]>
            </line>
            <line>
              <![CDATA[***********afterFindBy**********]]>
            </line>
            <line>
              <![CDATA[***********beforeFindBy**********]]>
            </line>
            <line>
              <![CDATA[***********afterFindBy**********]]>
            </line>
            <line>
              <![CDATA[***********beforeFindBy**********]]>
            </line>
            <line>
              <![CDATA[***********afterFindBy**********]]>
            </line>
            <line>
              <![CDATA[***********beforeFindBy**********]]>
            </line>
            <line>
              <![CDATA[***********afterFindBy**********]]>
            </line>
            <line>
              <![CDATA[************beforeGetScreenshotAs*********]]>
            </line>
            <line>
              <![CDATA[*********afterGetScreenshotAs************]]>
            </line>
            <line>
              <![CDATA[************beforeGetScreenshotAs*********]]>
            </line>
            <line>
              <![CDATA[*********afterGetScreenshotAs************]]>
            </line>
            <line>
              <![CDATA[************beforeGetScreenshotAs*********]]>
            </line>
            <line>
              <![CDATA[*********afterGetScreenshotAs************]]>
            </line>
            <line>
              <![CDATA[************beforeGetScreenshotAs*********]]>
            </line>
            <line>
              <![CDATA[*********afterGetScreenshotAs************]]>
            </line>
          </reporter-output>
        </test-method> <!-- validateLoginProcess_SIP -->
        <test-method status="PASS" signature="publishReport_SIP()[pri:0, instance:com.a32hp.automationpracticee.framework.test.createaccountandlogin.SignInTest@76a4d6c]" name="publishReport_SIP" is-config="true" duration-ms="2289" started-at="2020-03-29T10:07:59Z" finished-at="2020-03-29T10:08:01Z">
          <reporter-output>
          </reporter-output>
        </test-method> <!-- publishReport_SIP -->
        <test-method status="PASS" signature="AfterClass()[pri:0, instance:com.a32hp.automationpracticee.framework.test.createaccountandlogin.SignInTest@76a4d6c]" name="AfterClass" is-config="true" duration-ms="27" started-at="2020-03-29T10:08:01Z" finished-at="2020-03-29T10:08:01Z">
          <reporter-output>
          </reporter-output>
        </test-method> <!-- AfterClass -->
        <test-method status="PASS" signature="tearDown(org.testng.ITestContext)[pri:0, instance:com.a32hp.automationpracticee.framework.test.createaccountandlogin.SignInTest@76a4d6c]" name="tearDown" is-config="true" duration-ms="0" started-at="2020-03-29T10:08:02Z" finished-at="2020-03-29T10:08:02Z">
          <params>
            <param index="0">
              <value>
                <![CDATA[org.testng.TestRunner@1afd44cb]]>
              </value>
            </param>
          </params>
          <reporter-output>
          </reporter-output>
        </test-method> <!-- tearDown -->
      </class> <!-- com.a32hp.automationpracticee.framework.test.createaccountandlogin.SignInTest -->
    </test> <!-- FFTest1-SignInTest -->
  </suite> <!-- Test -->
</testng-results>
